board.lis                                              2010 November 23



IAU STANDARDS OF FUNDAMENTAL ASTRONOMY BOARD


Current Membership

   John Bangert           United States Naval Observatory
   Steven Bell            Her Majesty's Nautical Almanac Office
   Mark Calabretta        Australia Telescope National Facility
   Nicole Capitaine       Paris Observatory
   William Folkner        Jet Propulsion Laboratory
   George Hobbs           Australia Telescope National Facility
   Catherine Hohenkerk    Her Majesty's Nautical Almanac Office (Chair)
   Wen-Jing Jin           Shanghai Observatory
   Brian Luzum            United States Naval Observatory (IERS)
   Zinovy Malkin          Pulkovo Observatory, St Petersburg
   Jeffrey Percival       University of Wisconsin
   Patrick Wallace        Rutherford Appleton Laboratory


Past Members

   Wim Brouw              University of Groningen
   Anne-Marie Gontier     Paris Observatory
   George Kaplan          United States Naval Observatory
   Dennis McCarthy        United States Naval Observatory
   Skip Newhall           Jet Propulsion Laboratory


The e-mail for the Board chair is Catherine.Hohenkerk@ukho.gov.uk
